<?xml version="1.0" encoding="UTF-8"?>
<testsuite xmlns:xsi="http://www.w3.org/2001/XMLSchema-instance" xsi:noNamespaceSchemaLocation="https://maven.apache.org/surefire/maven-surefire-plugin/xsd/surefire-test-report-3.0.xsd" version="3.0" name="com.erp.hrms.HrmsApplicationTests" time="4.13" tests="1" errors="0" skipped="0" failures="0">
  <properties>
[...]
</properties>
  <testcase name="contextLoads" classname="com.erp.hrms.HrmsApplicationTests" time="0.296">
    <system-out><![CDATA[15:38:26.005 [main] INFO org.springframework.test.context.support.AnnotationConfigContextLoaderUtils -- Could not detect default configuration classes for test class [com.erp.hrms.HrmsApplicationTests]: HrmsApplicationTests does not declare any static, non-private, non-final, nested classes annotated with @Configuration.
15:38:26.055 [main] INFO org.springframework.boot.test.context.SpringBootTestContextBootstrapper -- Found @SpringBootConfiguration com.erp.hrms.HrmsApplication for test class com.erp.hrms.HrmsApplicationTests
  .   ____          _            __ _ _
 /\\ / ___'_ __ _ _(_)_ __  __ _ \ \ \ \
( ( )\___ | '_ | '_| | '_ \/ _` | \ \ \ \
 \\/  ___)| |_)| | | | | || (_| |  ) ) ) )
  '  |____| .__|_| |_|_| |_\__, | / / / /
 =========|_|==============|___/=/_/_/_/

 :: Spring Boot ::                (v3.3.0)

2025-04-26T15:38:26.279+05:30  INFO 26180 --- [           main] com.erp.hrms.HrmsApplicationTests        : Starting HrmsApplicationTests using Java 21.0.6 with PID 26180 (started by mayank in /Users/mayank/Downloads/hrms-backend)
2025-04-26T15:38:26.280+05:30  INFO 26180 --- [           main] com.erp.hrms.HrmsApplicationTests        : The following 1 profile is active: "dev"
2025-04-26T15:38:26.848+05:30  INFO 26180 --- [           main] .s.d.r.c.RepositoryConfigurationDelegate : Multiple Spring Data modules found, entering strict repository configuration mode
2025-04-26T15:38:26.848+05:30  INFO 26180 --- [           main] .s.d.r.c.RepositoryConfigurationDelegate : Bootstrapping Spring Data JPA repositories in DEFAULT mode.
2025-04-26T15:38:26.921+05:30  INFO 26180 --- [           main] .s.d.r.c.RepositoryConfigurationDelegate : Finished Spring Data repository scanning in 69 ms. Found 10 JPA repository interfaces.
2025-04-26T15:38:26.928+05:30  INFO 26180 --- [           main] .s.d.r.c.RepositoryConfigurationDelegate : Multiple Spring Data modules found, entering strict repository configuration mode
2025-04-26T15:38:26.929+05:30  INFO 26180 --- [           main] .s.d.r.c.RepositoryConfigurationDelegate : Bootstrapping Spring Data Redis repositories in DEFAULT mode.
2025-04-26T15:38:26.936+05:30  INFO 26180 --- [           main] .RepositoryConfigurationExtensionSupport : Spring Data Redis - Could not safely identify store assignment for repository candidate interface com.erp.hrms.repository.auth.IBlackListTokenRepository; If you want this repository to be a Redis repository, consider annotating your entities with one of these annotations: org.springframework.data.redis.core.RedisHash (preferred), or consider extending one of the following types with your repository: org.springframework.data.keyvalue.repository.KeyValueRepository
2025-04-26T15:38:26.937+05:30  INFO 26180 --- [           main] .RepositoryConfigurationExtensionSupport : Spring Data Redis - Could not safely identify store assignment for repository candidate interface com.erp.hrms.repository.business.ICompanyAllotmentRepository; If you want this repository to be a Redis repository, consider annotating your entities with one of these annotations: org.springframework.data.redis.core.RedisHash (preferred), or consider extending one of the following types with your repository: org.springframework.data.keyvalue.repository.KeyValueRepository
2025-04-26T15:38:26.937+05:30  INFO 26180 --- [           main] .RepositoryConfigurationExtensionSupport : Spring Data Redis - Could not safely identify store assignment for repository candidate interface com.erp.hrms.repository.business.ICompanyRepository; If you want this repository to be a Redis repository, consider annotating your entities with one of these annotations: org.springframework.data.redis.core.RedisHash (preferred), or consider extending one of the following types with your repository: org.springframework.data.keyvalue.repository.KeyValueRepository
2025-04-26T15:38:26.937+05:30  INFO 26180 --- [           main] .RepositoryConfigurationExtensionSupport : Spring Data Redis - Could not safely identify store assignment for repository candidate interface com.erp.hrms.repository.common.IModuleRepository; If you want this repository to be a Redis repository, consider annotating your entities with one of these annotations: org.springframework.data.redis.core.RedisHash (preferred), or consider extending one of the following types with your repository: org.springframework.data.keyvalue.repository.KeyValueRepository
2025-04-26T15:38:26.937+05:30  INFO 26180 --- [           main] .RepositoryConfigurationExtensionSupport : Spring Data Redis - Could not safely identify store assignment for repository candidate interface com.erp.hrms.repository.common.ISubModuleRepository; If you want this repository to be a Redis repository, consider annotating your entities with one of these annotations: org.springframework.data.redis.core.RedisHash (preferred), or consider extending one of the following types with your repository: org.springframework.data.keyvalue.repository.KeyValueRepository
2025-04-26T15:38:26.937+05:30  INFO 26180 --- [           main] .RepositoryConfigurationExtensionSupport : Spring Data Redis - Could not safely identify store assignment for repository candidate interface com.erp.hrms.repository.settings.ICommonSettingsRepository; If you want this repository to be a Redis repository, consider annotating your entities with one of these annotations: org.springframework.data.redis.core.RedisHash (preferred), or consider extending one of the following types with your repository: org.springframework.data.keyvalue.repository.KeyValueRepository
2025-04-26T15:38:26.937+05:30  INFO 26180 --- [           main] .RepositoryConfigurationExtensionSupport : Spring Data Redis - Could not safely identify store assignment for repository candidate interface com.erp.hrms.repository.settings.IDepartmentRepository; If you want this repository to be a Redis repository, consider annotating your entities with one of these annotations: org.springframework.data.redis.core.RedisHash (preferred), or consider extending one of the following types with your repository: org.springframework.data.keyvalue.repository.KeyValueRepository
2025-04-26T15:38:26.938+05:30  INFO 26180 --- [           main] .RepositoryConfigurationExtensionSupport : Spring Data Redis - Could not safely identify store assignment for repository candidate interface com.erp.hrms.repository.settings.IDesignationRepository; If you want this repository to be a Redis repository, consider annotating your entities with one of these annotations: org.springframework.data.redis.core.RedisHash (preferred), or consider extending one of the following types with your repository: org.springframework.data.keyvalue.repository.KeyValueRepository
2025-04-26T15:38:26.938+05:30  INFO 26180 --- [           main] .RepositoryConfigurationExtensionSupport : Spring Data Redis - Could not safely identify store assignment for repository candidate interface com.erp.hrms.repository.settings.IFinancialSessionRepository; If you want this repository to be a Redis repository, consider annotating your entities with one of these annotations: org.springframework.data.redis.core.RedisHash (preferred), or consider extending one of the following types with your repository: org.springframework.data.keyvalue.repository.KeyValueRepository
2025-04-26T15:38:26.938+05:30  INFO 26180 --- [           main] .RepositoryConfigurationExtensionSupport : Spring Data Redis - Could not safely identify store assignment for repository candidate interface com.erp.hrms.repository.user.IUserRepository; If you want this repository to be a Redis repository, consider annotating your entities with one of these annotations: org.springframework.data.redis.core.RedisHash (preferred), or consider extending one of the following types with your repository: org.springframework.data.keyvalue.repository.KeyValueRepository
2025-04-26T15:38:26.938+05:30  INFO 26180 --- [           main] .s.d.r.c.RepositoryConfigurationDelegate : Finished Spring Data repository scanning in 5 ms. Found 0 Redis repository interfaces.
2025-04-26T15:38:27.248+05:30  INFO 26180 --- [           main] o.hibernate.jpa.internal.util.LogHelper  : HHH000204: Processing PersistenceUnitInfo [name: default]
2025-04-26T15:38:27.270+05:30  INFO 26180 --- [           main] org.hibernate.Version                    : HHH000412: Hibernate ORM core version 6.5.2.Final
2025-04-26T15:38:27.283+05:30  INFO 26180 --- [           main] o.h.c.internal.RegionFactoryInitiator    : HHH000026: Second-level cache disabled
2025-04-26T15:38:27.407+05:30  INFO 26180 --- [           main] o.s.o.j.p.SpringPersistenceUnitInfo      : No LoadTimeWeaver setup: ignoring JPA class transformer
2025-04-26T15:38:27.418+05:30  INFO 26180 --- [           main] com.zaxxer.hikari.HikariDataSource       : HikariPool-1 - Starting...
2025-04-26T15:38:27.528+05:30  INFO 26180 --- [           main] com.zaxxer.hikari.pool.HikariPool        : HikariPool-1 - Added connection org.postgresql.jdbc.PgConnection@5906ebfb
2025-04-26T15:38:27.529+05:30  INFO 26180 --- [           main] com.zaxxer.hikari.HikariDataSource       : HikariPool-1 - Start completed.
2025-04-26T15:38:27.550+05:30  WARN 26180 --- [           main] org.hibernate.orm.deprecation            : HHH90000025: PostgreSQLDialect does not need to be specified explicitly using 'hibernate.dialect' (remove the property setting and it will be selected by default)
2025-04-26T15:38:28.103+05:30  INFO 26180 --- [           main] o.h.e.t.j.p.i.JtaPlatformInitiator       : HHH000489: No JTA platform available (set 'hibernate.transaction.jta.platform' to enable JTA platform integration)
2025-04-26T15:38:28.295+05:30  INFO 26180 --- [           main] j.LocalContainerEntityManagerFactoryBean : Initialized JPA EntityManagerFactory for persistence unit 'default'
2025-04-26T15:38:28.493+05:30  INFO 26180 --- [           main] o.s.d.j.r.query.QueryEnhancerFactory     : Hibernate is in classpath; If applicable, HQL parser will be used.
2025-04-26T15:38:28.874+05:30  WARN 26180 --- [           main] JpaBaseConfiguration$JpaWebConfiguration : spring.jpa.open-in-view is enabled by default. Therefore, database queries may be performed during view rendering. Explicitly configure spring.jpa.open-in-view to disable this warning
2025-04-26T15:38:28.891+05:30  INFO 26180 --- [           main] r$InitializeUserDetailsManagerConfigurer : Global AuthenticationManager configured with UserDetailsService bean with name userDetailsServiceImpl
2025-04-26T15:38:29.246+05:30  INFO 26180 --- [           main] o.s.b.a.e.web.EndpointLinksResolver      : Exposing 1 endpoint beneath base path '/actuator'
2025-04-26T15:38:29.279+05:30 DEBUG 26180 --- [           main] edFilterInvocationSecurityMetadataSource : Adding web access control expression [permitAll] for Ant [pattern='/register-company']
2025-04-26T15:38:29.279+05:30 DEBUG 26180 --- [           main] edFilterInvocationSecurityMetadataSource : Adding web access control expression [permitAll] for Ant [pattern='/authenticate']
2025-04-26T15:38:29.279+05:30 DEBUG 26180 --- [           main] edFilterInvocationSecurityMetadataSource : Adding web access control expression [permitAll] for Ant [pattern='/swagger-ui/**']
2025-04-26T15:38:29.279+05:30 DEBUG 26180 --- [           main] edFilterInvocationSecurityMetadataSource : Adding web access control expression [permitAll] for Ant [pattern='/v3/api-docs/**']
2025-04-26T15:38:29.279+05:30 DEBUG 26180 --- [           main] edFilterInvocationSecurityMetadataSource : Adding web access control expression [permitAll] for Ant [pattern='/api-docs/**']
2025-04-26T15:38:29.279+05:30 DEBUG 26180 --- [           main] edFilterInvocationSecurityMetadataSource : Adding web access control expression [permitAll] for Ant [pattern='/add-users', POST]
2025-04-26T15:38:29.279+05:30 DEBUG 26180 --- [           main] edFilterInvocationSecurityMetadataSource : Adding web access control expression [authenticated] for any request
2025-04-26T15:38:29.284+05:30  INFO 26180 --- [           main] o.s.s.web.DefaultSecurityFilterChain     : Will secure any request with [org.springframework.security.web.session.DisableEncodeUrlFilter@2a7af3d9, org.springframework.security.web.context.request.async.WebAsyncManagerIntegrationFilter@1c09a369, org.springframework.security.web.context.SecurityContextHolderFilter@5c97c816, org.springframework.security.web.header.HeaderWriterFilter@53963f8e, org.springframework.web.filter.CorsFilter@7d968ec1, org.springframework.security.web.csrf.CsrfFilter@1f334ce0, org.springframework.security.web.authentication.logout.LogoutFilter@4a8d8f50, com.erp.hrms.config.JwtRequestFilter@4de14c58, org.springframework.security.web.savedrequest.RequestCacheAwareFilter@6d487f2b, org.springframework.security.web.servletapi.SecurityContextHolderAwareRequestFilter@734901c1, org.springframework.security.web.authentication.AnonymousAuthenticationFilter@37e44608, org.springframework.security.web.session.SessionManagementFilter@290798cb, org.springframework.security.web.access.ExceptionTranslationFilter@2c018211, org.springframework.security.web.access.intercept.FilterSecurityInterceptor@42b2a977]
2025-04-26T15:38:29.711+05:30  INFO 26180 --- [           main] com.erp.hrms.HrmsApplicationTests        : Started HrmsApplicationTests in 3.599 seconds (process running for 4.004)
]]></system-out>
    <system-err><![CDATA[WARNING: A Java agent has been loaded dynamically (/Users/mayank/.m2/repository/net/bytebuddy/byte-buddy-agent/1.14.16/byte-buddy-agent-1.14.16.jar)
WARNING: If a serviceability tool is in use, please run with -XX:+EnableDynamicAgentLoading to hide this warning
WARNING: If a serviceability tool is not in use, please run with -Djdk.instrument.traceUsage for more information
WARNING: Dynamic loading of agents will be disallowed by default in a future release
]]></system-err>
  </testcase>
</testsuite>